<?xml version="1.0" encoding="UTF-8"?>
<testsuite xmlns:xsi="http://www.w3.org/2001/XMLSchema-instance" xsi:noNamespaceSchemaLocation="https://maven.apache.org/surefire/maven-surefire-plugin/xsd/surefire-test-report.xsd" version="3.0.2" name="com.gestion.Banco.BancoApplicationTests" time="8.014" tests="3" errors="0" skipped="0" failures="0">
  <properties>
[...]
</properties>
  <testcase name="findAll" classname="com.gestion.Banco.BancoApplicationTests" time="0.174">
    <system-out><![CDATA[20:17:59.732 [main] INFO org.springframework.test.context.support.AnnotationConfigContextLoaderUtils -- Could not detect default configuration classes for test class [com.gestion.Banco.BancoApplicationTests]: BancoApplicationTests does not declare any static, non-private, non-final, nested classes annotated with @Configuration.
20:17:59.893 [main] INFO org.springframework.boot.test.context.SpringBootTestContextBootstrapper -- Found @SpringBootConfiguration com.gestion.Banco.BancoApplication for test class com.gestion.Banco.BancoApplicationTests

  .   ____          _            __ _ _
 /\\ / ___'_ __ _ _(_)_ __  __ _ \ \ \ \
( ( )\___ | '_ | '_| | '_ \/ _` | \ \ \ \
 \\/  ___)| |_)| | | | | || (_| |  ) ) ) )
  '  |____| .__|_| |_|_| |_\__, | / / / /
 =========|_|==============|___/=/_/_/_/

 :: Spring Boot ::                (v3.4.3)

2025-03-09T20:18:00.699-05:00  INFO 23848 --- [Banco] [           main] c.gestion.Banco.BancoApplicationTests    : Starting BancoApplicationTests using Java 22.0.1 with PID 23848 (started by Jorge in C:\Banco)
2025-03-09T20:18:00.704-05:00  INFO 23848 --- [Banco] [           main] c.gestion.Banco.BancoApplicationTests    : No active profile set, falling back to 1 default profile: "default"
2025-03-09T20:18:01.686-05:00  INFO 23848 --- [Banco] [           main] .s.d.r.c.RepositoryConfigurationDelegate : Bootstrapping Spring Data JPA repositories in DEFAULT mode.
2025-03-09T20:18:01.770-05:00  INFO 23848 --- [Banco] [           main] .s.d.r.c.RepositoryConfigurationDelegate : Finished Spring Data repository scanning in 64 ms. Found 4 JPA repository interfaces.
2025-03-09T20:18:02.419-05:00  INFO 23848 --- [Banco] [           main] o.hibernate.jpa.internal.util.LogHelper  : HHH000204: Processing PersistenceUnitInfo [name: default]
2025-03-09T20:18:02.474-05:00  INFO 23848 --- [Banco] [           main] org.hibernate.Version                    : HHH000412: Hibernate ORM core version 6.6.8.Final
2025-03-09T20:18:02.510-05:00  INFO 23848 --- [Banco] [           main] o.h.c.internal.RegionFactoryInitiator    : HHH000026: Second-level cache disabled
2025-03-09T20:18:02.918-05:00  INFO 23848 --- [Banco] [           main] o.s.o.j.p.SpringPersistenceUnitInfo      : No LoadTimeWeaver setup: ignoring JPA class transformer
2025-03-09T20:18:02.955-05:00  INFO 23848 --- [Banco] [           main] com.zaxxer.hikari.HikariDataSource       : HikariPool-1 - Starting...
2025-03-09T20:18:02.961-05:00  WARN 23848 --- [Banco] [           main] c.zaxxer.hikari.util.DriverDataSource    : Registered driver with driverClassName=com.mysql.jdbc.Driver was not found, trying direct instantiation.
2025-03-09T20:18:03.439-05:00  INFO 23848 --- [Banco] [           main] com.zaxxer.hikari.pool.HikariPool        : HikariPool-1 - Added connection com.mysql.cj.jdbc.ConnectionImpl@1f3c5308
2025-03-09T20:18:03.441-05:00  INFO 23848 --- [Banco] [           main] com.zaxxer.hikari.HikariDataSource       : HikariPool-1 - Start completed.
2025-03-09T20:18:03.552-05:00  INFO 23848 --- [Banco] [           main] org.hibernate.orm.connections.pooling    : HHH10001005: Database info:
	Database JDBC URL [Connecting through datasource 'HikariDataSource (HikariPool-1)']
	Database driver: undefined/unknown
	Database version: 8.0.31
	Autocommit mode: undefined/unknown
	Isolation level: undefined/unknown
	Minimum pool size: undefined/unknown
	Maximum pool size: undefined/unknown
2025-03-09T20:18:04.713-05:00  INFO 23848 --- [Banco] [           main] o.h.e.t.j.p.i.JtaPlatformInitiator       : HHH000489: No JTA platform available (set 'hibernate.transaction.jta.platform' to enable JTA platform integration)
2025-03-09T20:18:04.768-05:00  INFO 23848 --- [Banco] [           main] j.LocalContainerEntityManagerFactoryBean : Initialized JPA EntityManagerFactory for persistence unit 'default'
2025-03-09T20:18:05.134-05:00  INFO 23848 --- [Banco] [           main] o.s.d.j.r.query.QueryEnhancerFactory     : Hibernate is in classpath; If applicable, HQL parser will be used.
2025-03-09T20:18:05.929-05:00  WARN 23848 --- [Banco] [           main] JpaBaseConfiguration$JpaWebConfiguration : spring.jpa.open-in-view is enabled by default. Therefore, database queries may be performed during view rendering. Explicitly configure spring.jpa.open-in-view to disable this warning
2025-03-09T20:18:06.520-05:00  INFO 23848 --- [Banco] [           main] c.gestion.Banco.BancoApplicationTests    : Started BancoApplicationTests in 6.436 seconds (process running for 7.882)
]]></system-out>
    <system-err><![CDATA[Loading class `com.mysql.jdbc.Driver'. This is deprecated. The new driver class is `com.mysql.cj.jdbc.Driver'. The driver is automatically registered via the SPI and manual loading of the driver class is generally unnecessary.
Mockito is currently self-attaching to enable the inline-mock-maker. This will no longer work in future releases of the JDK. Please add Mockito as an agent to your build what is described in Mockito's documentation: https://javadoc.io/doc/org.mockito/mockito-core/latest/org/mockito/Mockito.html#0.3
WARNING: A Java agent has been loaded dynamically (C:\Users\User\.m2\repository\net\bytebuddy\byte-buddy-agent\1.15.11\byte-buddy-agent-1.15.11.jar)
WARNING: If a serviceability tool is in use, please run with -XX:+EnableDynamicAgentLoading to hide this warning
WARNING: If a serviceability tool is not in use, please run with -Djdk.instrument.traceUsage for more information
WARNING: Dynamic loading of agents will be disallowed by default in a future release
Test Cliente
Persona -9223372036854775808
]]></system-err>
  </testcase>
  <testcase name="BuscaCliente" classname="com.gestion.Banco.BancoApplicationTests" time="0.009">
    <system-err><![CDATA[Busco Cliente con codigo 3
Cliente encontrado es 4445
]]></system-err>
  </testcase>
  <testcase name="contextLoads" classname="com.gestion.Banco.BancoApplicationTests" time="0.016"/>
</testsuite>